<?xml version="1.0" encoding="UTF-8"?>
<coverage generated="1618083229915" clover="3.2.0">
  <project timestamp="1618083229915" name="All files">
    <metrics statements="103" coveredstatements="93" conditionals="66" coveredconditionals="63" methods="39" coveredmethods="38" elements="208" coveredelements="194" complexity="0" loc="103" ncloc="103" packages="1" files="1" classes="1"/>
    <file name="context_menu.js" path="/Users/joaopaulo/Workstation/JS/clappr-context-menu-plugin/src/context_menu.js">
      <metrics statements="103" coveredstatements="93" conditionals="66" coveredconditionals="63" methods="39" coveredmethods="38"/>
      <line num="7" count="5" type="stmt"/>
      <line num="9" count="1" type="stmt"/>
      <line num="11" count="29" type="stmt"/>
      <line num="13" count="29" type="stmt"/>
      <line num="15" count="31" type="stmt"/>
      <line num="17" count="4" type="cond" truecount="3" falsecount="0"/>
      <line num="20" count="33" type="stmt"/>
      <line num="28" count="31" type="stmt"/>
      <line num="35" count="31" type="stmt"/>
      <line num="42" count="31" type="stmt"/>
      <line num="50" count="58" type="stmt"/>
      <line num="55" count="58" type="cond" truecount="2" falsecount="0"/>
      <line num="56" count="2" type="cond" truecount="2" falsecount="0"/>
      <line num="57" count="1" type="stmt"/>
      <line num="58" count="1" type="stmt"/>
      <line num="59" count="1" type="stmt"/>
      <line num="62" count="58" type="stmt"/>
      <line num="66" count="29" type="stmt"/>
      <line num="67" count="29" type="stmt"/>
      <line num="71" count="29" type="cond" truecount="3" falsecount="0"/>
      <line num="72" count="29" type="stmt"/>
      <line num="73" count="29" type="stmt"/>
      <line num="77" count="58" type="stmt"/>
      <line num="82" count="116" type="stmt"/>
      <line num="83" count="116" type="stmt"/>
      <line num="85" count="58" type="stmt"/>
      <line num="89" count="23" type="stmt"/>
      <line num="94" count="46" type="cond" truecount="2" falsecount="0"/>
      <line num="98" count="58" type="stmt"/>
      <line num="99" count="58" type="stmt"/>
      <line num="103" count="1" type="stmt"/>
      <line num="104" count="1" type="stmt"/>
      <line num="105" count="1" type="stmt"/>
      <line num="109" count="3" type="cond" truecount="4" falsecount="0"/>
      <line num="110" count="2" type="stmt"/>
      <line num="114" count="23" type="cond" truecount="2" falsecount="0"/>
      <line num="115" count="23" type="stmt"/>
      <line num="116" count="23" type="stmt"/>
      <line num="120" count="1" type="stmt"/>
      <line num="121" count="1" type="stmt"/>
      <line num="125" count="3" type="cond" truecount="2" falsecount="0"/>
      <line num="126" count="3" type="cond" truecount="2" falsecount="0"/>
      <line num="127" count="3" type="cond" truecount="2" falsecount="0"/>
      <line num="128" count="3" type="stmt"/>
      <line num="129" count="3" type="stmt"/>
      <line num="130" count="3" type="stmt"/>
      <line num="134" count="3" type="cond" truecount="2" falsecount="0"/>
      <line num="135" count="3" type="cond" truecount="2" falsecount="0"/>
      <line num="139" count="32" type="stmt"/>
      <line num="143" count="0" type="cond" truecount="0" falsecount="2"/>
      <line num="145" count="0" type="stmt"/>
      <line num="146" count="0" type="stmt"/>
      <line num="147" count="0" type="stmt"/>
      <line num="149" count="0" type="stmt"/>
      <line num="150" count="0" type="stmt"/>
      <line num="152" count="0" type="stmt"/>
      <line num="153" count="0" type="stmt"/>
      <line num="155" count="0" type="stmt"/>
      <line num="158" count="0" type="stmt"/>
      <line num="162" count="1" type="stmt"/>
      <line num="166" count="3" type="stmt"/>
      <line num="167" count="3" type="stmt"/>
      <line num="170" count="3" type="cond" truecount="2" falsecount="0"/>
      <line num="171" count="1" type="stmt"/>
      <line num="172" count="2" type="cond" truecount="2" falsecount="0"/>
      <line num="173" count="1" type="stmt"/>
      <line num="174" count="1" type="cond" truecount="1" falsecount="1"/>
      <line num="175" count="1" type="stmt"/>
      <line num="176" count="3" type="stmt"/>
      <line num="177" count="1" type="stmt"/>
      <line num="178" count="1" type="stmt"/>
      <line num="182" count="3" type="stmt"/>
      <line num="186" count="1" type="cond" truecount="2" falsecount="0"/>
      <line num="187" count="1" type="cond" truecount="3" falsecount="0"/>
      <line num="188" count="1" type="stmt"/>
      <line num="189" count="1" type="stmt"/>
      <line num="193" count="2" type="cond" truecount="4" falsecount="0"/>
      <line num="194" count="2" type="stmt"/>
      <line num="198" count="30" type="cond" truecount="2" falsecount="0"/>
      <line num="199" count="30" type="cond" truecount="2" falsecount="0"/>
      <line num="200" count="2" type="stmt"/>
      <line num="201" count="2" type="stmt"/>
      <line num="202" count="2" type="stmt"/>
      <line num="207" count="2" type="stmt"/>
      <line num="208" count="2" type="stmt"/>
      <line num="209" count="3" type="cond" truecount="2" falsecount="0"/>
      <line num="211" count="2" type="stmt"/>
      <line num="215" count="29" type="stmt"/>
      <line num="216" count="29" type="stmt"/>
      <line num="220" count="31" type="cond" truecount="2" falsecount="0"/>
      <line num="221" count="29" type="cond" truecount="3" falsecount="0"/>
      <line num="222" count="29" type="cond" truecount="4" falsecount="0"/>
      <line num="225" count="29" type="cond" truecount="2" falsecount="0"/>
      <line num="226" count="29" type="cond" truecount="2" falsecount="0"/>
      <line num="227" count="29" type="stmt"/>
      <line num="228" count="29" type="stmt"/>
      <line num="229" count="29" type="stmt"/>
      <line num="230" count="29" type="stmt"/>
      <line num="231" count="29" type="stmt"/>
      <line num="232" count="29" type="stmt"/>
      <line num="233" count="29" type="stmt"/>
      <line num="234" count="29" type="stmt"/>
      <line num="235" count="29" type="stmt"/>
    </file>
  </project>
</coverage>
