{"/Users/joaopaulo/Workstation/JS/clappr-context-menu-plugin/src/context_menu.js": {"path":"/Users/joaopaulo/Workstation/JS/clappr-context-menu-plugin/src/context_menu.js","statementMap":{"0":{"start":{"line":7,"column":15},"end":{"line":7,"column":36}},"1":{"start":{"line":9,"column":27},"end":{"line":9,"column":50}},"2":{"start":{"line":11,"column":21},"end":{"line":11,"column":53}},"3":{"start":{"line":13,"column":19},"end":{"line":13,"column":48}},"4":{"start":{"line":15,"column":27},"end":{"line":15,"column":104}},"5":{"start":{"line":17,"column":21},"end":{"line":17,"column":119}},"6":{"start":{"line":20,"column":4},"end":{"line":24,"column":5}},"7":{"start":{"line":28,"column":4},"end":{"line":31,"column":5}},"8":{"start":{"line":35,"column":4},"end":{"line":38,"column":5}},"9":{"start":{"line":42,"column":4},"end":{"line":46,"column":5}},"10":{"start":{"line":50,"column":19},"end":{"line":54,"column":5}},"11":{"start":{"line":55,"column":4},"end":{"line":61,"column":6}},"12":{"start":{"line":56,"column":6},"end":{"line":60,"column":7}},"13":{"start":{"line":57,"column":29},"end":{"line":57,"column":51}},"14":{"start":{"line":58,"column":8},"end":{"line":58,"column":42}},"15":{"start":{"line":59,"column":8},"end":{"line":59,"column":58}},"16":{"start":{"line":62,"column":4},"end":{"line":62,"column":17}},"17":{"start":{"line":66,"column":4},"end":{"line":66,"column":15}},"18":{"start":{"line":67,"column":4},"end":{"line":67,"column":15}},"19":{"start":{"line":71,"column":4},"end":{"line":71,"column":95}},"20":{"start":{"line":72,"column":4},"end":{"line":72,"column":36}},"21":{"start":{"line":73,"column":4},"end":{"line":73,"column":21}},"22":{"start":{"line":77,"column":34},"end":{"line":80,"column":5}},"23":{"start":{"line":82,"column":4},"end":{"line":82,"column":101}},"24":{"start":{"line":82,"column":42},"end":{"line":82,"column":100}},"25":{"start":{"line":83,"column":4},"end":{"line":83,"column":96}},"26":{"start":{"line":83,"column":42},"end":{"line":83,"column":95}},"27":{"start":{"line":85,"column":4},"end":{"line":85,"column":27}},"28":{"start":{"line":89,"column":39},"end":{"line":92,"column":5}},"29":{"start":{"line":94,"column":4},"end":{"line":94,"column":119}},"30":{"start":{"line":94,"column":65},"end":{"line":94,"column":118}},"31":{"start":{"line":98,"column":4},"end":{"line":98,"column":48}},"32":{"start":{"line":99,"column":4},"end":{"line":99,"column":47}},"33":{"start":{"line":103,"column":4},"end":{"line":103,"column":48}},"34":{"start":{"line":104,"column":4},"end":{"line":104,"column":27}},"35":{"start":{"line":105,"column":4},"end":{"line":105,"column":19}},"36":{"start":{"line":109,"column":4},"end":{"line":109,"column":61}},"37":{"start":{"line":109,"column":55},"end":{"line":109,"column":61}},"38":{"start":{"line":110,"column":4},"end":{"line":110,"column":26}},"39":{"start":{"line":114,"column":4},"end":{"line":114,"column":56}},"40":{"start":{"line":115,"column":4},"end":{"line":115,"column":46}},"41":{"start":{"line":116,"column":4},"end":{"line":116,"column":30}},"42":{"start":{"line":120,"column":4},"end":{"line":120,"column":26}},"43":{"start":{"line":121,"column":4},"end":{"line":121,"column":43}},"44":{"start":{"line":125,"column":4},"end":{"line":125,"column":59}},"45":{"start":{"line":126,"column":21},"end":{"line":126,"column":64}},"46":{"start":{"line":127,"column":22},"end":{"line":127,"column":65}},"47":{"start":{"line":128,"column":4},"end":{"line":128,"column":15}},"48":{"start":{"line":129,"column":4},"end":{"line":129,"column":52}},"49":{"start":{"line":130,"column":4},"end":{"line":130,"column":19}},"50":{"start":{"line":134,"column":4},"end":{"line":134,"column":66}},"51":{"start":{"line":135,"column":4},"end":{"line":135,"column":68}},"52":{"start":{"line":139,"column":4},"end":{"line":139,"column":19}},"53":{"start":{"line":143,"column":4},"end":{"line":143,"column":20}},"54":{"start":{"line":143,"column":14},"end":{"line":143,"column":20}},"55":{"start":{"line":145,"column":26},"end":{"line":145,"column":63}},"56":{"start":{"line":146,"column":4},"end":{"line":146,"column":29}},"57":{"start":{"line":147,"column":4},"end":{"line":147,"column":32}},"58":{"start":{"line":149,"column":25},"end":{"line":149,"column":77}},"59":{"start":{"line":150,"column":4},"end":{"line":150,"column":25}},"60":{"start":{"line":152,"column":4},"end":{"line":156,"column":5}},"61":{"start":{"line":153,"column":6},"end":{"line":153,"column":34}},"62":{"start":{"line":155,"column":6},"end":{"line":155,"column":22}},"63":{"start":{"line":158,"column":4},"end":{"line":158,"column":26}},"64":{"start":{"line":162,"column":4},"end":{"line":162,"column":56}},"65":{"start":{"line":166,"column":14},"end":{"line":166,"column":34}},"66":{"start":{"line":167,"column":24},"end":{"line":167,"column":67}},"67":{"start":{"line":170,"column":4},"end":{"line":179,"column":5}},"68":{"start":{"line":171,"column":6},"end":{"line":171,"column":32}},"69":{"start":{"line":172,"column":11},"end":{"line":179,"column":5}},"70":{"start":{"line":173,"column":6},"end":{"line":173,"column":32}},"71":{"start":{"line":174,"column":11},"end":{"line":179,"column":5}},"72":{"start":{"line":175,"column":21},"end":{"line":175,"column":59}},"73":{"start":{"line":176,"column":34},"end":{"line":176,"column":74}},"74":{"start":{"line":176,"column":54},"end":{"line":176,"column":73}},"75":{"start":{"line":177,"column":29},"end":{"line":177,"column":100}},"76":{"start":{"line":178,"column":6},"end":{"line":178,"column":73}},"77":{"start":{"line":182,"column":4},"end":{"line":182,"column":39}},"78":{"start":{"line":186,"column":4},"end":{"line":186,"column":68}},"79":{"start":{"line":187,"column":4},"end":{"line":187,"column":116}},"80":{"start":{"line":188,"column":4},"end":{"line":188,"column":67}},"81":{"start":{"line":189,"column":4},"end":{"line":189,"column":69}},"82":{"start":{"line":193,"column":4},"end":{"line":193,"column":83}},"83":{"start":{"line":193,"column":63},"end":{"line":193,"column":83}},"84":{"start":{"line":194,"column":4},"end":{"line":194,"column":34}},"85":{"start":{"line":198,"column":19},"end":{"line":198,"column":83}},"86":{"start":{"line":199,"column":4},"end":{"line":203,"column":5}},"87":{"start":{"line":200,"column":6},"end":{"line":200,"column":36}},"88":{"start":{"line":201,"column":6},"end":{"line":201,"column":33}},"89":{"start":{"line":202,"column":6},"end":{"line":202,"column":38}},"90":{"start":{"line":207,"column":28},"end":{"line":207,"column":30}},"91":{"start":{"line":208,"column":4},"end":{"line":210,"column":6}},"92":{"start":{"line":209,"column":6},"end":{"line":209,"column":75}},"93":{"start":{"line":211,"column":4},"end":{"line":211,"column":26}},"94":{"start":{"line":215,"column":4},"end":{"line":215,"column":52}},"95":{"start":{"line":216,"column":4},"end":{"line":216,"column":61}},"96":{"start":{"line":220,"column":4},"end":{"line":220,"column":31}},"97":{"start":{"line":220,"column":25},"end":{"line":220,"column":31}},"98":{"start":{"line":221,"column":4},"end":{"line":221,"column":123}},"99":{"start":{"line":222,"column":4},"end":{"line":224,"column":29}},"100":{"start":{"line":225,"column":25},"end":{"line":225,"column":90}},"101":{"start":{"line":226,"column":4},"end":{"line":226,"column":79}},"102":{"start":{"line":226,"column":49},"end":{"line":226,"column":78}},"103":{"start":{"line":227,"column":4},"end":{"line":227,"column":63}},"104":{"start":{"line":228,"column":4},"end":{"line":228,"column":52}},"105":{"start":{"line":229,"column":4},"end":{"line":229,"column":40}},"106":{"start":{"line":230,"column":4},"end":{"line":230,"column":24}},"107":{"start":{"line":231,"column":4},"end":{"line":231,"column":15}},"108":{"start":{"line":232,"column":4},"end":{"line":232,"column":18}},"109":{"start":{"line":233,"column":4},"end":{"line":233,"column":25}},"110":{"start":{"line":234,"column":4},"end":{"line":234,"column":26}},"111":{"start":{"line":235,"column":4},"end":{"line":235,"column":15}}},"fnMap":{"0":{"name":"(anonymous_0)","decl":{"start":{"line":7,"column":2},"end":{"line":7,"column":3}},"loc":{"start":{"line":7,"column":13},"end":{"line":7,"column":38}},"line":7},"1":{"name":"(anonymous_1)","decl":{"start":{"line":9,"column":2},"end":{"line":9,"column":3}},"loc":{"start":{"line":9,"column":25},"end":{"line":9,"column":52}},"line":9},"2":{"name":"(anonymous_2)","decl":{"start":{"line":11,"column":2},"end":{"line":11,"column":3}},"loc":{"start":{"line":11,"column":19},"end":{"line":11,"column":55}},"line":11},"3":{"name":"(anonymous_3)","decl":{"start":{"line":13,"column":2},"end":{"line":13,"column":3}},"loc":{"start":{"line":13,"column":17},"end":{"line":13,"column":50}},"line":13},"4":{"name":"(anonymous_4)","decl":{"start":{"line":15,"column":2},"end":{"line":15,"column":3}},"loc":{"start":{"line":15,"column":25},"end":{"line":15,"column":106}},"line":15},"5":{"name":"(anonymous_5)","decl":{"start":{"line":17,"column":2},"end":{"line":17,"column":3}},"loc":{"start":{"line":17,"column":19},"end":{"line":17,"column":121}},"line":17},"6":{"name":"(anonymous_6)","decl":{"start":{"line":19,"column":2},"end":{"line":19,"column":3}},"loc":{"start":{"line":19,"column":22},"end":{"line":25,"column":3}},"line":19},"7":{"name":"(anonymous_7)","decl":{"start":{"line":27,"column":2},"end":{"line":27,"column":3}},"loc":{"start":{"line":27,"column":16},"end":{"line":32,"column":3}},"line":27},"8":{"name":"(anonymous_8)","decl":{"start":{"line":34,"column":2},"end":{"line":34,"column":3}},"loc":{"start":{"line":34,"column":27},"end":{"line":39,"column":3}},"line":34},"9":{"name":"(anonymous_9)","decl":{"start":{"line":41,"column":2},"end":{"line":41,"column":3}},"loc":{"start":{"line":41,"column":13},"end":{"line":47,"column":3}},"line":41},"10":{"name":"(anonymous_10)","decl":{"start":{"line":49,"column":2},"end":{"line":49,"column":3}},"loc":{"start":{"line":49,"column":15},"end":{"line":63,"column":3}},"line":49},"11":{"name":"(anonymous_11)","decl":{"start":{"line":55,"column":51},"end":{"line":55,"column":52}},"loc":{"start":{"line":55,"column":59},"end":{"line":61,"column":5}},"line":55},"12":{"name":"(anonymous_12)","decl":{"start":{"line":65,"column":2},"end":{"line":65,"column":3}},"loc":{"start":{"line":65,"column":20},"end":{"line":68,"column":3}},"line":65},"13":{"name":"(anonymous_13)","decl":{"start":{"line":70,"column":2},"end":{"line":70,"column":3}},"loc":{"start":{"line":70,"column":9},"end":{"line":74,"column":3}},"line":70},"14":{"name":"(anonymous_14)","decl":{"start":{"line":76,"column":2},"end":{"line":76,"column":3}},"loc":{"start":{"line":76,"column":15},"end":{"line":86,"column":3}},"line":76},"15":{"name":"(anonymous_15)","decl":{"start":{"line":82,"column":34},"end":{"line":82,"column":35}},"loc":{"start":{"line":82,"column":42},"end":{"line":82,"column":100}},"line":82},"16":{"name":"(anonymous_16)","decl":{"start":{"line":83,"column":34},"end":{"line":83,"column":35}},"loc":{"start":{"line":83,"column":42},"end":{"line":83,"column":95}},"line":83},"17":{"name":"(anonymous_17)","decl":{"start":{"line":88,"column":2},"end":{"line":88,"column":3}},"loc":{"start":{"line":88,"column":24},"end":{"line":95,"column":3}},"line":88},"18":{"name":"(anonymous_18)","decl":{"start":{"line":94,"column":57},"end":{"line":94,"column":58}},"loc":{"start":{"line":94,"column":65},"end":{"line":94,"column":118}},"line":94},"19":{"name":"(anonymous_19)","decl":{"start":{"line":97,"column":2},"end":{"line":97,"column":3}},"loc":{"start":{"line":97,"column":21},"end":{"line":100,"column":3}},"line":97},"20":{"name":"(anonymous_20)","decl":{"start":{"line":102,"column":2},"end":{"line":102,"column":3}},"loc":{"start":{"line":102,"column":12},"end":{"line":106,"column":3}},"line":102},"21":{"name":"(anonymous_21)","decl":{"start":{"line":108,"column":2},"end":{"line":108,"column":3}},"loc":{"start":{"line":108,"column":29},"end":{"line":111,"column":3}},"line":108},"22":{"name":"(anonymous_22)","decl":{"start":{"line":113,"column":2},"end":{"line":113,"column":3}},"loc":{"start":{"line":113,"column":21},"end":{"line":117,"column":3}},"line":113},"23":{"name":"(anonymous_23)","decl":{"start":{"line":119,"column":2},"end":{"line":119,"column":3}},"loc":{"start":{"line":119,"column":27},"end":{"line":122,"column":3}},"line":119},"24":{"name":"(anonymous_24)","decl":{"start":{"line":124,"column":2},"end":{"line":124,"column":3}},"loc":{"start":{"line":124,"column":18},"end":{"line":131,"column":3}},"line":124},"25":{"name":"(anonymous_25)","decl":{"start":{"line":133,"column":2},"end":{"line":133,"column":3}},"loc":{"start":{"line":133,"column":30},"end":{"line":136,"column":3}},"line":133},"26":{"name":"(anonymous_26)","decl":{"start":{"line":138,"column":2},"end":{"line":138,"column":3}},"loc":{"start":{"line":138,"column":9},"end":{"line":140,"column":3}},"line":138},"27":{"name":"(anonymous_27)","decl":{"start":{"line":142,"column":2},"end":{"line":142,"column":3}},"loc":{"start":{"line":142,"column":30},"end":{"line":159,"column":3}},"line":142},"28":{"name":"(anonymous_28)","decl":{"start":{"line":161,"column":2},"end":{"line":161,"column":3}},"loc":{"start":{"line":161,"column":14},"end":{"line":163,"column":3}},"line":161},"29":{"name":"(anonymous_29)","decl":{"start":{"line":165,"column":2},"end":{"line":165,"column":3}},"loc":{"start":{"line":165,"column":25},"end":{"line":183,"column":3}},"line":165},"30":{"name":"(anonymous_30)","decl":{"start":{"line":176,"column":46},"end":{"line":176,"column":47}},"loc":{"start":{"line":176,"column":54},"end":{"line":176,"column":73}},"line":176},"31":{"name":"(anonymous_31)","decl":{"start":{"line":185,"column":2},"end":{"line":185,"column":3}},"loc":{"start":{"line":185,"column":17},"end":{"line":190,"column":3}},"line":185},"32":{"name":"(anonymous_32)","decl":{"start":{"line":192,"column":2},"end":{"line":192,"column":3}},"loc":{"start":{"line":192,"column":27},"end":{"line":195,"column":3}},"line":192},"33":{"name":"(anonymous_33)","decl":{"start":{"line":197,"column":2},"end":{"line":197,"column":3}},"loc":{"start":{"line":197,"column":19},"end":{"line":204,"column":3}},"line":197},"34":{"name":"(anonymous_34)","decl":{"start":{"line":206,"column":2},"end":{"line":206,"column":3}},"loc":{"start":{"line":206,"column":28},"end":{"line":212,"column":3}},"line":206},"35":{"name":"(anonymous_35)","decl":{"start":{"line":208,"column":47},"end":{"line":208,"column":48}},"loc":{"start":{"line":208,"column":55},"end":{"line":210,"column":5}},"line":208},"36":{"name":"(anonymous_36)","decl":{"start":{"line":214,"column":2},"end":{"line":214,"column":3}},"loc":{"start":{"line":214,"column":18},"end":{"line":217,"column":3}},"line":214},"37":{"name":"(anonymous_37)","decl":{"start":{"line":219,"column":2},"end":{"line":219,"column":3}},"loc":{"start":{"line":219,"column":11},"end":{"line":236,"column":3}},"line":219},"38":{"name":"(anonymous_38)","decl":{"start":{"line":226,"column":41},"end":{"line":226,"column":42}},"loc":{"start":{"line":226,"column":49},"end":{"line":226,"column":78}},"line":226}},"branchMap":{"0":{"loc":{"start":{"line":17,"column":28},"end":{"line":17,"column":119}},"type":"binary-expr","locations":[{"start":{"line":17,"column":28},"end":{"line":17,"column":52}},{"start":{"line":17,"column":56},"end":{"line":17,"column":83}},{"start":{"line":17,"column":87},"end":{"line":17,"column":119}}],"line":17},"1":{"loc":{"start":{"line":45,"column":13},"end":{"line":45,"column":50}},"type":"cond-expr","locations":[{"start":{"line":45,"column":38},"end":{"line":45,"column":42}},{"start":{"line":45,"column":45},"end":{"line":45,"column":50}}],"line":45},"2":{"loc":{"start":{"line":55,"column":4},"end":{"line":61,"column":6}},"type":"binary-expr","locations":[{"start":{"line":55,"column":4},"end":{"line":55,"column":21}},{"start":{"line":55,"column":25},"end":{"line":61,"column":6}}],"line":55},"3":{"loc":{"start":{"line":56,"column":6},"end":{"line":60,"column":7}},"type":"if","locations":[{"start":{"line":56,"column":6},"end":{"line":60,"column":7}},{"start":{"line":56,"column":6},"end":{"line":60,"column":7}}],"line":56},"4":{"loc":{"start":{"line":71,"column":24},"end":{"line":71,"column":95}},"type":"binary-expr","locations":[{"start":{"line":71,"column":24},"end":{"line":71,"column":48}},{"start":{"line":71,"column":52},"end":{"line":71,"column":89}},{"start":{"line":71,"column":93},"end":{"line":71,"column":95}}],"line":71},"5":{"loc":{"start":{"line":94,"column":4},"end":{"line":94,"column":119}},"type":"binary-expr","locations":[{"start":{"line":94,"column":4},"end":{"line":94,"column":18}},{"start":{"line":94,"column":22},"end":{"line":94,"column":119}}],"line":94},"6":{"loc":{"start":{"line":109,"column":4},"end":{"line":109,"column":61}},"type":"if","locations":[{"start":{"line":109,"column":4},"end":{"line":109,"column":61}},{"start":{"line":109,"column":4},"end":{"line":109,"column":61}}],"line":109},"7":{"loc":{"start":{"line":109,"column":8},"end":{"line":109,"column":53}},"type":"binary-expr","locations":[{"start":{"line":109,"column":8},"end":{"line":109,"column":19}},{"start":{"line":109,"column":23},"end":{"line":109,"column":53}}],"line":109},"8":{"loc":{"start":{"line":114,"column":4},"end":{"line":114,"column":56}},"type":"binary-expr","locations":[{"start":{"line":114,"column":4},"end":{"line":114,"column":18}},{"start":{"line":114,"column":22},"end":{"line":114,"column":56}}],"line":114},"9":{"loc":{"start":{"line":125,"column":4},"end":{"line":125,"column":59}},"type":"binary-expr","locations":[{"start":{"line":125,"column":4},"end":{"line":125,"column":23}},{"start":{"line":125,"column":27},"end":{"line":125,"column":59}}],"line":125},"10":{"loc":{"start":{"line":126,"column":21},"end":{"line":126,"column":64}},"type":"cond-expr","locations":[{"start":{"line":126,"column":44},"end":{"line":126,"column":58}},{"start":{"line":126,"column":61},"end":{"line":126,"column":64}}],"line":126},"11":{"loc":{"start":{"line":127,"column":22},"end":{"line":127,"column":65}},"type":"cond-expr","locations":[{"start":{"line":127,"column":45},"end":{"line":127,"column":58}},{"start":{"line":127,"column":61},"end":{"line":127,"column":65}}],"line":127},"12":{"loc":{"start":{"line":134,"column":20},"end":{"line":134,"column":66}},"type":"binary-expr","locations":[{"start":{"line":134,"column":20},"end":{"line":134,"column":35}},{"start":{"line":134,"column":39},"end":{"line":134,"column":66}}],"line":134},"13":{"loc":{"start":{"line":135,"column":21},"end":{"line":135,"column":68}},"type":"binary-expr","locations":[{"start":{"line":135,"column":21},"end":{"line":135,"column":36}},{"start":{"line":135,"column":40},"end":{"line":135,"column":68}}],"line":135},"14":{"loc":{"start":{"line":143,"column":4},"end":{"line":143,"column":20}},"type":"if","locations":[{"start":{"line":143,"column":4},"end":{"line":143,"column":20}},{"start":{"line":143,"column":4},"end":{"line":143,"column":20}}],"line":143},"15":{"loc":{"start":{"line":170,"column":4},"end":{"line":179,"column":5}},"type":"if","locations":[{"start":{"line":170,"column":4},"end":{"line":179,"column":5}},{"start":{"line":170,"column":4},"end":{"line":179,"column":5}}],"line":170},"16":{"loc":{"start":{"line":172,"column":11},"end":{"line":179,"column":5}},"type":"if","locations":[{"start":{"line":172,"column":11},"end":{"line":179,"column":5}},{"start":{"line":172,"column":11},"end":{"line":179,"column":5}}],"line":172},"17":{"loc":{"start":{"line":174,"column":11},"end":{"line":179,"column":5}},"type":"if","locations":[{"start":{"line":174,"column":11},"end":{"line":179,"column":5}},{"start":{"line":174,"column":11},"end":{"line":179,"column":5}}],"line":174},"18":{"loc":{"start":{"line":186,"column":4},"end":{"line":186,"column":68}},"type":"binary-expr","locations":[{"start":{"line":186,"column":4},"end":{"line":186,"column":21}},{"start":{"line":186,"column":26},"end":{"line":186,"column":67}}],"line":186},"19":{"loc":{"start":{"line":187,"column":4},"end":{"line":187,"column":116}},"type":"binary-expr","locations":[{"start":{"line":187,"column":4},"end":{"line":187,"column":28}},{"start":{"line":187,"column":32},"end":{"line":187,"column":59}},{"start":{"line":187,"column":64},"end":{"line":187,"column":115}}],"line":187},"20":{"loc":{"start":{"line":193,"column":4},"end":{"line":193,"column":83}},"type":"if","locations":[{"start":{"line":193,"column":4},"end":{"line":193,"column":83}},{"start":{"line":193,"column":4},"end":{"line":193,"column":83}}],"line":193},"21":{"loc":{"start":{"line":193,"column":8},"end":{"line":193,"column":61}},"type":"binary-expr","locations":[{"start":{"line":193,"column":8},"end":{"line":193,"column":22}},{"start":{"line":193,"column":26},"end":{"line":193,"column":61}}],"line":193},"22":{"loc":{"start":{"line":198,"column":19},"end":{"line":198,"column":83}},"type":"binary-expr","locations":[{"start":{"line":198,"column":19},"end":{"line":198,"column":43}},{"start":{"line":198,"column":47},"end":{"line":198,"column":83}}],"line":198},"23":{"loc":{"start":{"line":199,"column":4},"end":{"line":203,"column":5}},"type":"if","locations":[{"start":{"line":199,"column":4},"end":{"line":203,"column":5}},{"start":{"line":199,"column":4},"end":{"line":203,"column":5}}],"line":199},"24":{"loc":{"start":{"line":209,"column":6},"end":{"line":209,"column":75}},"type":"binary-expr","locations":[{"start":{"line":209,"column":6},"end":{"line":209,"column":39}},{"start":{"line":209,"column":43},"end":{"line":209,"column":75}}],"line":209},"25":{"loc":{"start":{"line":220,"column":4},"end":{"line":220,"column":31}},"type":"if","locations":[{"start":{"line":220,"column":4},"end":{"line":220,"column":31}},{"start":{"line":220,"column":4},"end":{"line":220,"column":31}}],"line":220},"26":{"loc":{"start":{"line":221,"column":27},"end":{"line":221,"column":123}},"type":"binary-expr","locations":[{"start":{"line":221,"column":27},"end":{"line":221,"column":51}},{"start":{"line":221,"column":55},"end":{"line":221,"column":89}},{"start":{"line":221,"column":93},"end":{"line":221,"column":123}}],"line":221},"27":{"loc":{"start":{"line":222,"column":23},"end":{"line":224,"column":29}},"type":"cond-expr","locations":[{"start":{"line":223,"column":8},"end":{"line":223,"column":28}},{"start":{"line":224,"column":8},"end":{"line":224,"column":29}}],"line":222},"28":{"loc":{"start":{"line":222,"column":23},"end":{"line":222,"column":78}},"type":"binary-expr","locations":[{"start":{"line":222,"column":23},"end":{"line":222,"column":43}},{"start":{"line":222,"column":47},"end":{"line":222,"column":78}}],"line":222},"29":{"loc":{"start":{"line":225,"column":25},"end":{"line":225,"column":90}},"type":"binary-expr","locations":[{"start":{"line":225,"column":25},"end":{"line":225,"column":49}},{"start":{"line":225,"column":53},"end":{"line":225,"column":90}}],"line":225},"30":{"loc":{"start":{"line":226,"column":4},"end":{"line":226,"column":79}},"type":"binary-expr","locations":[{"start":{"line":226,"column":4},"end":{"line":226,"column":16}},{"start":{"line":226,"column":20},"end":{"line":226,"column":79}}],"line":226}},"s":{"0":5,"1":1,"2":29,"3":29,"4":31,"5":4,"6":33,"7":31,"8":31,"9":31,"10":58,"11":58,"12":2,"13":1,"14":1,"15":1,"16":58,"17":29,"18":29,"19":29,"20":29,"21":29,"22":58,"23":58,"24":116,"25":58,"26":116,"27":58,"28":23,"29":23,"30":46,"31":58,"32":58,"33":1,"34":1,"35":1,"36":3,"37":1,"38":2,"39":23,"40":23,"41":23,"42":1,"43":1,"44":3,"45":3,"46":3,"47":3,"48":3,"49":3,"50":3,"51":3,"52":32,"53":0,"54":0,"55":0,"56":0,"57":0,"58":0,"59":0,"60":0,"61":0,"62":0,"63":0,"64":1,"65":3,"66":3,"67":3,"68":1,"69":2,"70":1,"71":1,"72":1,"73":1,"74":3,"75":1,"76":1,"77":3,"78":1,"79":1,"80":1,"81":1,"82":2,"83":1,"84":2,"85":30,"86":30,"87":2,"88":2,"89":2,"90":2,"91":2,"92":3,"93":2,"94":29,"95":29,"96":31,"97":2,"98":29,"99":29,"100":29,"101":29,"102":2,"103":29,"104":29,"105":29,"106":29,"107":29,"108":29,"109":29,"110":29,"111":29},"f":{"0":5,"1":1,"2":29,"3":29,"4":31,"5":4,"6":33,"7":31,"8":31,"9":31,"10":58,"11":2,"12":29,"13":29,"14":58,"15":116,"16":116,"17":23,"18":46,"19":58,"20":1,"21":3,"22":23,"23":1,"24":3,"25":3,"26":32,"27":0,"28":1,"29":3,"30":3,"31":1,"32":2,"33":30,"34":2,"35":3,"36":29,"37":31,"38":2},"b":{"0":[4,4,4],"1":[1,30],"2":[58,29],"3":[1,1],"4":[29,5,27],"5":[23,23],"6":[1,2],"7":[3,3],"8":[23,1],"9":[3,3],"10":[1,2],"11":[1,2],"12":[3,2],"13":[3,2],"14":[0,0],"15":[1,2],"16":[1,1],"17":[1,0],"18":[1,1],"19":[1,1,1],"20":[1,1],"21":[2,1],"22":[30,6],"23":[2,28],"24":[3,1],"25":[2,29],"26":[29,5,2],"27":[1,28],"28":[29,2],"29":[29,5],"30":[29,2]},"_coverageSchema":"1a1c01bbd47fc00a2c39e90264f33305004495a9","hash":"8fd9f23b59e08581a5df35c784a2128767b1c03e"}
}
