TN:
SF:src/context_menu.js
FN:7,(anonymous_0)
FN:9,(anonymous_1)
FN:11,(anonymous_2)
FN:13,(anonymous_3)
FN:15,(anonymous_4)
FN:17,(anonymous_5)
FN:19,(anonymous_6)
FN:27,(anonymous_7)
FN:34,(anonymous_8)
FN:41,(anonymous_9)
FN:49,(anonymous_10)
FN:55,(anonymous_11)
FN:65,(anonymous_12)
FN:70,(anonymous_13)
FN:76,(anonymous_14)
FN:82,(anonymous_15)
FN:83,(anonymous_16)
FN:88,(anonymous_17)
FN:94,(anonymous_18)
FN:97,(anonymous_19)
FN:102,(anonymous_20)
FN:108,(anonymous_21)
FN:113,(anonymous_22)
FN:119,(anonymous_23)
FN:124,(anonymous_24)
FN:133,(anonymous_25)
FN:138,(anonymous_26)
FN:142,(anonymous_27)
FN:161,(anonymous_28)
FN:165,(anonymous_29)
FN:176,(anonymous_30)
FN:185,(anonymous_31)
FN:192,(anonymous_32)
FN:197,(anonymous_33)
FN:206,(anonymous_34)
FN:208,(anonymous_35)
FN:214,(anonymous_36)
FN:219,(anonymous_37)
FN:226,(anonymous_38)
FNF:39
FNH:38
FNDA:5,(anonymous_0)
FNDA:1,(anonymous_1)
FNDA:29,(anonymous_2)
FNDA:29,(anonymous_3)
FNDA:31,(anonymous_4)
FNDA:4,(anonymous_5)
FNDA:33,(anonymous_6)
FNDA:31,(anonymous_7)
FNDA:31,(anonymous_8)
FNDA:31,(anonymous_9)
FNDA:58,(anonymous_10)
FNDA:2,(anonymous_11)
FNDA:29,(anonymous_12)
FNDA:29,(anonymous_13)
FNDA:58,(anonymous_14)
FNDA:116,(anonymous_15)
FNDA:116,(anonymous_16)
FNDA:23,(anonymous_17)
FNDA:46,(anonymous_18)
FNDA:58,(anonymous_19)
FNDA:1,(anonymous_20)
FNDA:3,(anonymous_21)
FNDA:23,(anonymous_22)
FNDA:1,(anonymous_23)
FNDA:3,(anonymous_24)
FNDA:3,(anonymous_25)
FNDA:32,(anonymous_26)
FNDA:0,(anonymous_27)
FNDA:1,(anonymous_28)
FNDA:3,(anonymous_29)
FNDA:3,(anonymous_30)
FNDA:1,(anonymous_31)
FNDA:2,(anonymous_32)
FNDA:30,(anonymous_33)
FNDA:2,(anonymous_34)
FNDA:3,(anonymous_35)
FNDA:29,(anonymous_36)
FNDA:31,(anonymous_37)
FNDA:2,(anonymous_38)
DA:7,5
DA:9,1
DA:11,29
DA:13,29
DA:15,31
DA:17,4
DA:20,33
DA:28,31
DA:35,31
DA:42,31
DA:50,58
DA:55,58
DA:56,2
DA:57,1
DA:58,1
DA:59,1
DA:62,58
DA:66,29
DA:67,29
DA:71,29
DA:72,29
DA:73,29
DA:77,58
DA:82,116
DA:83,116
DA:85,58
DA:89,23
DA:94,46
DA:98,58
DA:99,58
DA:103,1
DA:104,1
DA:105,1
DA:109,3
DA:110,2
DA:114,23
DA:115,23
DA:116,23
DA:120,1
DA:121,1
DA:125,3
DA:126,3
DA:127,3
DA:128,3
DA:129,3
DA:130,3
DA:134,3
DA:135,3
DA:139,32
DA:143,0
DA:145,0
DA:146,0
DA:147,0
DA:149,0
DA:150,0
DA:152,0
DA:153,0
DA:155,0
DA:158,0
DA:162,1
DA:166,3
DA:167,3
DA:170,3
DA:171,1
DA:172,2
DA:173,1
DA:174,1
DA:175,1
DA:176,3
DA:177,1
DA:178,1
DA:182,3
DA:186,1
DA:187,1
DA:188,1
DA:189,1
DA:193,2
DA:194,2
DA:198,30
DA:199,30
DA:200,2
DA:201,2
DA:202,2
DA:207,2
DA:208,2
DA:209,3
DA:211,2
DA:215,29
DA:216,29
DA:220,31
DA:221,29
DA:222,29
DA:225,29
DA:226,29
DA:227,29
DA:228,29
DA:229,29
DA:230,29
DA:231,29
DA:232,29
DA:233,29
DA:234,29
DA:235,29
LF:103
LH:93
BRDA:17,0,0,4
BRDA:17,0,1,4
BRDA:17,0,2,4
BRDA:45,1,0,1
BRDA:45,1,1,30
BRDA:55,2,0,58
BRDA:55,2,1,29
BRDA:56,3,0,1
BRDA:56,3,1,1
BRDA:71,4,0,29
BRDA:71,4,1,5
BRDA:71,4,2,27
BRDA:94,5,0,23
BRDA:94,5,1,23
BRDA:109,6,0,1
BRDA:109,6,1,2
BRDA:109,7,0,3
BRDA:109,7,1,3
BRDA:114,8,0,23
BRDA:114,8,1,1
BRDA:125,9,0,3
BRDA:125,9,1,3
BRDA:126,10,0,1
BRDA:126,10,1,2
BRDA:127,11,0,1
BRDA:127,11,1,2
BRDA:134,12,0,3
BRDA:134,12,1,2
BRDA:135,13,0,3
BRDA:135,13,1,2
BRDA:143,14,0,0
BRDA:143,14,1,0
BRDA:170,15,0,1
BRDA:170,15,1,2
BRDA:172,16,0,1
BRDA:172,16,1,1
BRDA:174,17,0,1
BRDA:174,17,1,0
BRDA:186,18,0,1
BRDA:186,18,1,1
BRDA:187,19,0,1
BRDA:187,19,1,1
BRDA:187,19,2,1
BRDA:193,20,0,1
BRDA:193,20,1,1
BRDA:193,21,0,2
BRDA:193,21,1,1
BRDA:198,22,0,30
BRDA:198,22,1,6
BRDA:199,23,0,2
BRDA:199,23,1,28
BRDA:209,24,0,3
BRDA:209,24,1,1
BRDA:220,25,0,2
BRDA:220,25,1,29
BRDA:221,26,0,29
BRDA:221,26,1,5
BRDA:221,26,2,2
BRDA:222,27,0,1
BRDA:222,27,1,28
BRDA:222,28,0,29
BRDA:222,28,1,2
BRDA:225,29,0,29
BRDA:225,29,1,5
BRDA:226,30,0,29
BRDA:226,30,1,2
BRF:66
BRH:63
end_of_record
